{"/home/mego/rummy/src/App.tsx": {"path":"/home/mego/rummy/src/App.tsx","all":true,"statementMap":{"0":{"start":{"line":1,"column":0},"end":{"line":1,"column":32}},"1":{"start":{"line":2,"column":0},"end":{"line":2,"column":42}},"2":{"start":{"line":3,"column":0},"end":{"line":3,"column":32}},"3":{"start":{"line":4,"column":0},"end":{"line":4,"column":18}},"5":{"start":{"line":6,"column":0},"end":{"line":6,"column":16}},"6":{"start":{"line":7,"column":0},"end":{"line":7,"column":39}},"8":{"start":{"line":9,"column":0},"end":{"line":9,"column":10}},"9":{"start":{"line":10,"column":0},"end":{"line":10,"column":6}},"10":{"start":{"line":11,"column":0},"end":{"line":11,"column":11}},"11":{"start":{"line":12,"column":0},"end":{"line":12,"column":51}},"12":{"start":{"line":13,"column":0},"end":{"line":13,"column":65}},"14":{"start":{"line":15,"column":0},"end":{"line":15,"column":52}},"15":{"start":{"line":16,"column":0},"end":{"line":16,"column":73}},"18":{"start":{"line":19,"column":0},"end":{"line":19,"column":27}},"19":{"start":{"line":20,"column":0},"end":{"line":20,"column":28}},"20":{"start":{"line":21,"column":0},"end":{"line":21,"column":63}},"21":{"start":{"line":22,"column":0},"end":{"line":22,"column":26}},"23":{"start":{"line":24,"column":0},"end":{"line":24,"column":11}},"24":{"start":{"line":25,"column":0},"end":{"line":25,"column":60}},"27":{"start":{"line":28,"column":0},"end":{"line":28,"column":35}},"32":{"start":{"line":33,"column":0},"end":{"line":33,"column":1}},"34":{"start":{"line":35,"column":0},"end":{"line":35,"column":18}}},"s":{"0":0,"1":0,"2":0,"3":0,"5":0,"6":0,"8":0,"9":0,"10":0,"11":0,"12":0,"14":0,"15":0,"18":0,"19":0,"20":0,"21":0,"23":0,"24":0,"27":0,"32":0,"34":0},"branchMap":{"0":{"type":"branch","line":1,"loc":{"start":{"line":1,"column":0},"end":{"line":35,"column":-632}},"locations":[{"start":{"line":1,"column":0},"end":{"line":35,"column":-632}}]}},"b":{"0":[0]},"fnMap":{"0":{"name":"(empty-report)","decl":{"start":{"line":1,"column":0},"end":{"line":35,"column":-632}},"loc":{"start":{"line":1,"column":0},"end":{"line":35,"column":-632}},"line":1}},"f":{"0":0}}
,"/home/mego/rummy/src/cards.ts": {"path":"/home/mego/rummy/src/cards.ts","all":false,"statementMap":{"0":{"start":{"line":1,"column":0},"end":{"line":1,"column":51}},"3":{"start":{"line":4,"column":0},"end":{"line":4,"column":22}},"4":{"start":{"line":5,"column":0},"end":{"line":5,"column":6}},"5":{"start":{"line":6,"column":0},"end":{"line":6,"column":6}},"6":{"start":{"line":7,"column":0},"end":{"line":7,"column":6}},"7":{"start":{"line":8,"column":0},"end":{"line":8,"column":6}},"8":{"start":{"line":9,"column":0},"end":{"line":9,"column":6}},"9":{"start":{"line":10,"column":0},"end":{"line":10,"column":6}},"10":{"start":{"line":11,"column":0},"end":{"line":11,"column":6}},"11":{"start":{"line":12,"column":0},"end":{"line":12,"column":6}},"12":{"start":{"line":13,"column":0},"end":{"line":13,"column":6}},"13":{"start":{"line":14,"column":0},"end":{"line":14,"column":6}},"14":{"start":{"line":15,"column":0},"end":{"line":15,"column":6}},"15":{"start":{"line":16,"column":0},"end":{"line":16,"column":6}},"16":{"start":{"line":17,"column":0},"end":{"line":17,"column":6}},"17":{"start":{"line":18,"column":0},"end":{"line":18,"column":6}},"18":{"start":{"line":19,"column":0},"end":{"line":19,"column":11}},"23":{"start":{"line":24,"column":0},"end":{"line":24,"column":62}},"24":{"start":{"line":25,"column":0},"end":{"line":25,"column":62}},"26":{"start":{"line":27,"column":0},"end":{"line":27,"column":54}},"27":{"start":{"line":28,"column":0},"end":{"line":28,"column":51}},"30":{"start":{"line":31,"column":0},"end":{"line":31,"column":77}},"37":{"start":{"line":38,"column":0},"end":{"line":38,"column":76}},"39":{"start":{"line":40,"column":0},"end":{"line":40,"column":52}},"40":{"start":{"line":41,"column":0},"end":{"line":41,"column":28}},"41":{"start":{"line":42,"column":0},"end":{"line":42,"column":44}},"42":{"start":{"line":43,"column":0},"end":{"line":43,"column":3}},"43":{"start":{"line":44,"column":0},"end":{"line":44,"column":24}},"44":{"start":{"line":45,"column":0},"end":{"line":45,"column":2}},"46":{"start":{"line":47,"column":0},"end":{"line":47,"column":50}},"47":{"start":{"line":48,"column":0},"end":{"line":48,"column":27}},"48":{"start":{"line":49,"column":0},"end":{"line":49,"column":13}},"49":{"start":{"line":50,"column":0},"end":{"line":50,"column":13}},"50":{"start":{"line":51,"column":0},"end":{"line":51,"column":13}},"51":{"start":{"line":52,"column":0},"end":{"line":52,"column":13}},"52":{"start":{"line":53,"column":0},"end":{"line":53,"column":16}},"53":{"start":{"line":54,"column":0},"end":{"line":54,"column":13}},"54":{"start":{"line":55,"column":0},"end":{"line":55,"column":16}},"55":{"start":{"line":56,"column":0},"end":{"line":56,"column":12}},"56":{"start":{"line":57,"column":0},"end":{"line":57,"column":15}},"57":{"start":{"line":58,"column":0},"end":{"line":58,"column":3}},"58":{"start":{"line":59,"column":0},"end":{"line":59,"column":2}},"60":{"start":{"line":61,"column":0},"end":{"line":61,"column":52}},"61":{"start":{"line":62,"column":0},"end":{"line":62,"column":60}}},"s":{"0":1,"3":1,"4":1,"5":1,"6":1,"7":1,"8":1,"9":1,"10":1,"11":1,"12":1,"13":1,"14":1,"15":1,"16":1,"17":1,"18":1,"23":1,"24":1,"26":1,"27":42,"30":1,"37":1,"39":1,"40":0,"41":0,"42":0,"43":0,"44":0,"46":1,"47":36,"48":36,"49":36,"50":36,"51":36,"52":6,"53":36,"54":2,"55":36,"56":28,"57":36,"58":36,"60":1,"61":10},"branchMap":{"0":{"type":"branch","line":24,"loc":{"start":{"line":24,"column":24},"end":{"line":24,"column":53}},"locations":[{"start":{"line":24,"column":24},"end":{"line":24,"column":53}}]},"1":{"type":"branch","line":25,"loc":{"start":{"line":25,"column":24},"end":{"line":25,"column":53}},"locations":[{"start":{"line":25,"column":24},"end":{"line":25,"column":53}}]},"2":{"type":"branch","line":27,"loc":{"start":{"line":27,"column":39},"end":{"line":28,"column":51}},"locations":[{"start":{"line":27,"column":39},"end":{"line":28,"column":51}}]},"3":{"type":"branch","line":28,"loc":{"start":{"line":28,"column":18},"end":{"line":28,"column":50}},"locations":[{"start":{"line":28,"column":18},"end":{"line":28,"column":50}}]},"4":{"type":"branch","line":31,"loc":{"start":{"line":31,"column":43},"end":{"line":31,"column":77}},"locations":[{"start":{"line":31,"column":43},"end":{"line":31,"column":77}}]},"5":{"type":"branch","line":38,"loc":{"start":{"line":38,"column":28},"end":{"line":38,"column":76}},"locations":[{"start":{"line":38,"column":28},"end":{"line":38,"column":76}}]},"6":{"type":"branch","line":47,"loc":{"start":{"line":47,"column":25},"end":{"line":59,"column":2}},"locations":[{"start":{"line":47,"column":25},"end":{"line":59,"column":2}}]},"7":{"type":"branch","line":49,"loc":{"start":{"line":49,"column":4},"end":{"line":49,"column":13}},"locations":[{"start":{"line":49,"column":4},"end":{"line":49,"column":13}}]},"8":{"type":"branch","line":50,"loc":{"start":{"line":50,"column":4},"end":{"line":50,"column":13}},"locations":[{"start":{"line":50,"column":4},"end":{"line":50,"column":13}}]},"9":{"type":"branch","line":51,"loc":{"start":{"line":51,"column":4},"end":{"line":51,"column":13}},"locations":[{"start":{"line":51,"column":4},"end":{"line":51,"column":13}}]},"10":{"type":"branch","line":52,"loc":{"start":{"line":52,"column":4},"end":{"line":53,"column":16}},"locations":[{"start":{"line":52,"column":4},"end":{"line":53,"column":16}}]},"11":{"type":"branch","line":54,"loc":{"start":{"line":54,"column":4},"end":{"line":55,"column":16}},"locations":[{"start":{"line":54,"column":4},"end":{"line":55,"column":16}}]},"12":{"type":"branch","line":56,"loc":{"start":{"line":56,"column":4},"end":{"line":57,"column":15}},"locations":[{"start":{"line":56,"column":4},"end":{"line":57,"column":15}}]},"13":{"type":"branch","line":61,"loc":{"start":{"line":61,"column":26},"end":{"line":62,"column":60}},"locations":[{"start":{"line":61,"column":26},"end":{"line":62,"column":60}}]},"14":{"type":"branch","line":62,"loc":{"start":{"line":62,"column":15},"end":{"line":62,"column":57}},"locations":[{"start":{"line":62,"column":15},"end":{"line":62,"column":57}}]}},"b":{"0":[577],"1":[195],"2":[42],"3":[168],"4":[168],"5":[218],"6":[36],"7":[2],"8":[2],"9":[6],"10":[6],"11":[2],"12":[28],"13":[10],"14":[36]},"fnMap":{"0":{"name":"cardRank","decl":{"start":{"line":24,"column":24},"end":{"line":24,"column":53}},"loc":{"start":{"line":24,"column":24},"end":{"line":24,"column":53}},"line":24},"1":{"name":"cardSuit","decl":{"start":{"line":25,"column":24},"end":{"line":25,"column":53}},"loc":{"start":{"line":25,"column":24},"end":{"line":25,"column":53}},"line":25},"2":{"name":"rankToNumber","decl":{"start":{"line":38,"column":28},"end":{"line":38,"column":76}},"loc":{"start":{"line":38,"column":28},"end":{"line":38,"column":76}},"line":38},"3":{"name":"numberToRank","decl":{"start":{"line":40,"column":28},"end":{"line":45,"column":2}},"loc":{"start":{"line":40,"column":28},"end":{"line":45,"column":2}},"line":40},"4":{"name":"cardValue","decl":{"start":{"line":47,"column":25},"end":{"line":59,"column":2}},"loc":{"start":{"line":47,"column":25},"end":{"line":59,"column":2}},"line":47},"5":{"name":"cardsScore","decl":{"start":{"line":61,"column":26},"end":{"line":62,"column":60}},"loc":{"start":{"line":61,"column":26},"end":{"line":62,"column":60}},"line":61}},"f":{"0":577,"1":195,"2":218,"3":0,"4":36,"5":10}}
,"/home/mego/rummy/src/main.tsx": {"path":"/home/mego/rummy/src/main.tsx","all":true,"statementMap":{"0":{"start":{"line":1,"column":0},"end":{"line":1,"column":34}},"1":{"start":{"line":2,"column":0},"end":{"line":2,"column":45}},"2":{"start":{"line":3,"column":0},"end":{"line":3,"column":20}},"3":{"start":{"line":4,"column":0},"end":{"line":4,"column":27}},"5":{"start":{"line":6,"column":0},"end":{"line":6,"column":52}},"6":{"start":{"line":7,"column":0},"end":{"line":7,"column":14}},"7":{"start":{"line":8,"column":0},"end":{"line":8,"column":11}}},"s":{"0":0,"1":0,"2":0,"3":0,"5":0,"6":0,"7":0},"branchMap":{"0":{"type":"branch","line":1,"loc":{"start":{"line":1,"column":229},"end":{"line":10,"column":1}},"locations":[{"start":{"line":1,"column":229},"end":{"line":10,"column":1}}]}},"b":{"0":[0]},"fnMap":{"0":{"name":"(empty-report)","decl":{"start":{"line":1,"column":229},"end":{"line":10,"column":1}},"loc":{"start":{"line":1,"column":229},"end":{"line":10,"column":1}},"line":1}},"f":{"0":0}}
,"/home/mego/rummy/src/components/Card.tsx": {"path":"/home/mego/rummy/src/components/Card.tsx","all":true,"statementMap":{},"s":{},"branchMap":{"0":{"type":"branch","line":1,"loc":{"start":{"line":1,"column":0},"end":{"line":1,"column":0}},"locations":[{"start":{"line":1,"column":0},"end":{"line":1,"column":0}}]}},"b":{"0":[1]},"fnMap":{"0":{"name":"(empty-report)","decl":{"start":{"line":1,"column":0},"end":{"line":1,"column":0}},"loc":{"start":{"line":1,"column":0},"end":{"line":1,"column":0}},"line":1}},"f":{"0":1}}
,"/home/mego/rummy/src/game/actions.ts": {"path":"/home/mego/rummy/src/game/actions.ts","all":false,"statementMap":{"2":{"start":{"line":3,"column":0},"end":{"line":3,"column":43}},"3":{"start":{"line":4,"column":0},"end":{"line":4,"column":34}},"4":{"start":{"line":5,"column":0},"end":{"line":5,"column":22}},"5":{"start":{"line":6,"column":0},"end":{"line":6,"column":3}},"8":{"start":{"line":9,"column":0},"end":{"line":9,"column":47}},"9":{"start":{"line":10,"column":0},"end":{"line":10,"column":65}},"10":{"start":{"line":11,"column":0},"end":{"line":11,"column":24}},"11":{"start":{"line":12,"column":0},"end":{"line":12,"column":7}},"12":{"start":{"line":13,"column":0},"end":{"line":13,"column":3}},"15":{"start":{"line":16,"column":0},"end":{"line":16,"column":49}},"16":{"start":{"line":17,"column":0},"end":{"line":17,"column":57}},"17":{"start":{"line":18,"column":0},"end":{"line":18,"column":25}},"18":{"start":{"line":19,"column":0},"end":{"line":19,"column":7}},"19":{"start":{"line":20,"column":0},"end":{"line":20,"column":3}},"22":{"start":{"line":23,"column":0},"end":{"line":23,"column":43}},"23":{"start":{"line":24,"column":0},"end":{"line":24,"column":78}},"24":{"start":{"line":25,"column":0},"end":{"line":25,"column":22}},"25":{"start":{"line":26,"column":0},"end":{"line":26,"column":7}},"26":{"start":{"line":27,"column":0},"end":{"line":27,"column":3}},"29":{"start":{"line":30,"column":0},"end":{"line":30,"column":47}},"30":{"start":{"line":31,"column":0},"end":{"line":31,"column":58}},"31":{"start":{"line":32,"column":0},"end":{"line":32,"column":24}},"32":{"start":{"line":33,"column":0},"end":{"line":33,"column":7}},"33":{"start":{"line":34,"column":0},"end":{"line":34,"column":3}}},"s":{"2":1,"3":1,"4":5,"5":5,"8":1,"9":1,"10":5,"11":5,"12":5,"15":1,"16":1,"17":5,"18":5,"19":5,"22":1,"23":1,"24":11,"25":11,"26":11,"29":1,"30":1,"31":4,"32":4,"33":4},"branchMap":{"0":{"type":"branch","line":4,"loc":{"start":{"line":4,"column":26},"end":{"line":6,"column":3}},"locations":[{"start":{"line":4,"column":26},"end":{"line":6,"column":3}}]},"1":{"type":"branch","line":10,"loc":{"start":{"line":10,"column":28},"end":{"line":13,"column":3}},"locations":[{"start":{"line":10,"column":28},"end":{"line":13,"column":3}}]},"2":{"type":"branch","line":17,"loc":{"start":{"line":17,"column":29},"end":{"line":20,"column":3}},"locations":[{"start":{"line":17,"column":29},"end":{"line":20,"column":3}}]},"3":{"type":"branch","line":24,"loc":{"start":{"line":24,"column":26},"end":{"line":27,"column":3}},"locations":[{"start":{"line":24,"column":26},"end":{"line":27,"column":3}}]},"4":{"type":"branch","line":31,"loc":{"start":{"line":31,"column":27},"end":{"line":34,"column":3}},"locations":[{"start":{"line":31,"column":27},"end":{"line":34,"column":3}}]}},"b":{"0":[5],"1":[5],"2":[5],"3":[11],"4":[4]},"fnMap":{"0":{"name":"actionDraw","decl":{"start":{"line":4,"column":26},"end":{"line":6,"column":3}},"loc":{"start":{"line":4,"column":26},"end":{"line":6,"column":3}},"line":4},"1":{"name":"actionPickup","decl":{"start":{"line":10,"column":28},"end":{"line":13,"column":3}},"loc":{"start":{"line":10,"column":28},"end":{"line":13,"column":3}},"line":10},"2":{"name":"actionDiscard","decl":{"start":{"line":17,"column":29},"end":{"line":20,"column":3}},"loc":{"start":{"line":17,"column":29},"end":{"line":20,"column":3}},"line":17},"3":{"name":"actionMeld","decl":{"start":{"line":24,"column":26},"end":{"line":27,"column":3}},"loc":{"start":{"line":24,"column":26},"end":{"line":27,"column":3}},"line":24},"4":{"name":"actionGoOut","decl":{"start":{"line":31,"column":27},"end":{"line":34,"column":3}},"loc":{"start":{"line":31,"column":27},"end":{"line":34,"column":3}},"line":31}},"f":{"0":5,"1":5,"2":5,"3":11,"4":4}}
,"/home/mego/rummy/src/game/reducers.ts": {"path":"/home/mego/rummy/src/game/reducers.ts","all":false,"statementMap":{"0":{"start":{"line":1,"column":0},"end":{"line":1,"column":32}},"22":{"start":{"line":23,"column":0},"end":{"line":23,"column":64}},"23":{"start":{"line":24,"column":0},"end":{"line":24,"column":39}},"24":{"start":{"line":25,"column":0},"end":{"line":25,"column":17}},"25":{"start":{"line":26,"column":0},"end":{"line":26,"column":3}},"27":{"start":{"line":28,"column":0},"end":{"line":28,"column":39}},"28":{"start":{"line":29,"column":0},"end":{"line":29,"column":37}},"29":{"start":{"line":30,"column":0},"end":{"line":30,"column":49}},"30":{"start":{"line":31,"column":0},"end":{"line":31,"column":50}},"31":{"start":{"line":32,"column":0},"end":{"line":32,"column":5}},"33":{"start":{"line":34,"column":0},"end":{"line":34,"column":40}},"34":{"start":{"line":35,"column":0},"end":{"line":35,"column":75}},"35":{"start":{"line":36,"column":0},"end":{"line":36,"column":36}},"36":{"start":{"line":37,"column":0},"end":{"line":37,"column":5}},"37":{"start":{"line":38,"column":0},"end":{"line":38,"column":2}},"39":{"start":{"line":40,"column":0},"end":{"line":40,"column":76}},"40":{"start":{"line":41,"column":0},"end":{"line":41,"column":62}},"41":{"start":{"line":42,"column":0},"end":{"line":42,"column":6}},"42":{"start":{"line":43,"column":0},"end":{"line":43,"column":37}},"43":{"start":{"line":44,"column":0},"end":{"line":44,"column":54}},"44":{"start":{"line":45,"column":0},"end":{"line":45,"column":21}},"45":{"start":{"line":46,"column":0},"end":{"line":46,"column":63}},"46":{"start":{"line":47,"column":0},"end":{"line":47,"column":19}},"47":{"start":{"line":48,"column":0},"end":{"line":48,"column":17}},"49":{"start":{"line":50,"column":0},"end":{"line":50,"column":5}},"50":{"start":{"line":51,"column":0},"end":{"line":51,"column":17}},"51":{"start":{"line":52,"column":0},"end":{"line":52,"column":3}},"53":{"start":{"line":54,"column":0},"end":{"line":54,"column":39}},"54":{"start":{"line":55,"column":0},"end":{"line":55,"column":67}},"55":{"start":{"line":56,"column":0},"end":{"line":56,"column":79}},"56":{"start":{"line":57,"column":0},"end":{"line":57,"column":41}},"57":{"start":{"line":58,"column":0},"end":{"line":58,"column":36}},"58":{"start":{"line":59,"column":0},"end":{"line":59,"column":5}},"59":{"start":{"line":60,"column":0},"end":{"line":60,"column":2}},"61":{"start":{"line":62,"column":0},"end":{"line":62,"column":78}},"62":{"start":{"line":63,"column":0},"end":{"line":63,"column":42}},"63":{"start":{"line":64,"column":0},"end":{"line":64,"column":30}},"64":{"start":{"line":65,"column":0},"end":{"line":65,"column":31}},"65":{"start":{"line":66,"column":0},"end":{"line":66,"column":6}},"66":{"start":{"line":67,"column":0},"end":{"line":67,"column":37}},"67":{"start":{"line":68,"column":0},"end":{"line":68,"column":25}},"68":{"start":{"line":69,"column":0},"end":{"line":69,"column":53}},"69":{"start":{"line":70,"column":0},"end":{"line":70,"column":5}},"70":{"start":{"line":71,"column":0},"end":{"line":71,"column":17}},"71":{"start":{"line":72,"column":0},"end":{"line":72,"column":3}},"73":{"start":{"line":74,"column":0},"end":{"line":74,"column":39}},"74":{"start":{"line":75,"column":0},"end":{"line":75,"column":63}},"75":{"start":{"line":76,"column":0},"end":{"line":76,"column":41}},"77":{"start":{"line":78,"column":0},"end":{"line":78,"column":44}},"78":{"start":{"line":79,"column":0},"end":{"line":79,"column":36}},"79":{"start":{"line":80,"column":0},"end":{"line":80,"column":49}},"80":{"start":{"line":81,"column":0},"end":{"line":81,"column":5}},"81":{"start":{"line":82,"column":0},"end":{"line":82,"column":2}},"83":{"start":{"line":84,"column":0},"end":{"line":84,"column":72}},"84":{"start":{"line":85,"column":0},"end":{"line":85,"column":51}},"85":{"start":{"line":86,"column":0},"end":{"line":86,"column":20}},"86":{"start":{"line":87,"column":0},"end":{"line":87,"column":21}},"87":{"start":{"line":88,"column":0},"end":{"line":88,"column":38}},"88":{"start":{"line":89,"column":0},"end":{"line":89,"column":30}},"89":{"start":{"line":90,"column":0},"end":{"line":90,"column":31}},"90":{"start":{"line":91,"column":0},"end":{"line":91,"column":69}},"91":{"start":{"line":92,"column":0},"end":{"line":92,"column":46}},"92":{"start":{"line":93,"column":0},"end":{"line":93,"column":13}},"93":{"start":{"line":94,"column":0},"end":{"line":94,"column":5}},"94":{"start":{"line":95,"column":0},"end":{"line":95,"column":6}},"95":{"start":{"line":96,"column":0},"end":{"line":96,"column":37}},"96":{"start":{"line":97,"column":0},"end":{"line":97,"column":25}},"97":{"start":{"line":98,"column":0},"end":{"line":98,"column":78}},"98":{"start":{"line":99,"column":0},"end":{"line":99,"column":72}},"99":{"start":{"line":100,"column":0},"end":{"line":100,"column":5}},"100":{"start":{"line":101,"column":0},"end":{"line":101,"column":17}},"101":{"start":{"line":102,"column":0},"end":{"line":102,"column":3}},"103":{"start":{"line":104,"column":0},"end":{"line":104,"column":39}},"104":{"start":{"line":105,"column":0},"end":{"line":105,"column":35}},"105":{"start":{"line":106,"column":0},"end":{"line":106,"column":45}},"106":{"start":{"line":107,"column":0},"end":{"line":107,"column":52}},"108":{"start":{"line":109,"column":0},"end":{"line":109,"column":5}},"109":{"start":{"line":110,"column":0},"end":{"line":110,"column":38}},"110":{"start":{"line":111,"column":0},"end":{"line":111,"column":8}},"111":{"start":{"line":112,"column":0},"end":{"line":112,"column":54}},"112":{"start":{"line":113,"column":0},"end":{"line":113,"column":33}},"113":{"start":{"line":114,"column":0},"end":{"line":114,"column":52}},"114":{"start":{"line":115,"column":0},"end":{"line":115,"column":7}},"115":{"start":{"line":116,"column":0},"end":{"line":116,"column":14}},"116":{"start":{"line":117,"column":0},"end":{"line":117,"column":16}},"117":{"start":{"line":118,"column":0},"end":{"line":118,"column":60}},"118":{"start":{"line":119,"column":0},"end":{"line":119,"column":62}},"120":{"start":{"line":121,"column":0},"end":{"line":121,"column":8}},"121":{"start":{"line":122,"column":0},"end":{"line":122,"column":5}},"122":{"start":{"line":123,"column":0},"end":{"line":123,"column":45}},"123":{"start":{"line":124,"column":0},"end":{"line":124,"column":19}},"124":{"start":{"line":125,"column":0},"end":{"line":125,"column":69}},"126":{"start":{"line":127,"column":0},"end":{"line":127,"column":49}},"127":{"start":{"line":128,"column":0},"end":{"line":128,"column":30}},"128":{"start":{"line":129,"column":0},"end":{"line":129,"column":55}},"129":{"start":{"line":130,"column":0},"end":{"line":130,"column":49}},"131":{"start":{"line":132,"column":0},"end":{"line":132,"column":5}},"132":{"start":{"line":133,"column":0},"end":{"line":133,"column":2}},"134":{"start":{"line":135,"column":0},"end":{"line":135,"column":74}},"135":{"start":{"line":136,"column":0},"end":{"line":136,"column":42}},"136":{"start":{"line":137,"column":0},"end":{"line":137,"column":30}},"137":{"start":{"line":138,"column":0},"end":{"line":138,"column":31}},"138":{"start":{"line":139,"column":0},"end":{"line":139,"column":75}},"139":{"start":{"line":140,"column":0},"end":{"line":140,"column":17}},"140":{"start":{"line":141,"column":0},"end":{"line":141,"column":3}},"142":{"start":{"line":143,"column":0},"end":{"line":143,"column":39}},"143":{"start":{"line":144,"column":0},"end":{"line":144,"column":24}},"144":{"start":{"line":145,"column":0},"end":{"line":145,"column":29}},"145":{"start":{"line":146,"column":0},"end":{"line":146,"column":71}},"146":{"start":{"line":147,"column":0},"end":{"line":147,"column":39}},"147":{"start":{"line":148,"column":0},"end":{"line":148,"column":24}},"148":{"start":{"line":149,"column":0},"end":{"line":149,"column":29}},"149":{"start":{"line":150,"column":0},"end":{"line":150,"column":71}},"150":{"start":{"line":151,"column":0},"end":{"line":151,"column":39}},"151":{"start":{"line":152,"column":0},"end":{"line":152,"column":12}},"152":{"start":{"line":153,"column":0},"end":{"line":153,"column":52}},"153":{"start":{"line":154,"column":0},"end":{"line":154,"column":19}},"154":{"start":{"line":155,"column":0},"end":{"line":155,"column":19}},"155":{"start":{"line":156,"column":0},"end":{"line":156,"column":6}},"156":{"start":{"line":157,"column":0},"end":{"line":157,"column":5}},"157":{"start":{"line":158,"column":0},"end":{"line":158,"column":2}}},"s":{"0":1,"22":1,"23":5,"24":1,"25":1,"27":4,"28":4,"29":2,"30":2,"31":2,"33":4,"34":4,"35":4,"36":4,"37":4,"39":1,"40":5,"41":5,"42":5,"43":5,"44":4,"45":4,"46":4,"47":4,"49":5,"50":2,"51":2,"53":3,"54":3,"55":3,"56":3,"57":3,"58":3,"59":3,"61":1,"62":5,"63":4,"64":1,"65":5,"66":5,"67":5,"68":3,"69":5,"70":3,"71":3,"73":2,"74":2,"75":2,"77":2,"78":2,"79":2,"80":2,"81":2,"83":1,"84":11,"85":9,"86":2,"87":11,"88":9,"89":2,"90":11,"91":11,"92":11,"93":11,"94":11,"95":11,"96":10,"97":9,"98":8,"99":11,"100":4,"101":4,"103":7,"104":7,"105":1,"106":1,"108":1,"109":7,"110":7,"111":7,"112":2,"113":2,"114":7,"115":1,"116":1,"117":1,"118":3,"120":1,"121":1,"122":7,"123":7,"124":7,"126":7,"127":7,"128":7,"129":7,"131":7,"132":7,"134":1,"135":4,"136":3,"137":1,"138":4,"139":2,"140":2,"142":2,"143":2,"144":2,"145":2,"146":2,"147":2,"148":2,"149":2,"150":2,"151":2,"152":2,"153":2,"154":2,"155":2,"156":2,"157":2},"branchMap":{"0":{"type":"branch","line":23,"loc":{"start":{"line":23,"column":52},"end":{"line":38,"column":2}},"locations":[{"start":{"line":23,"column":52},"end":{"line":38,"column":2}}]},"1":{"type":"branch","line":24,"loc":{"start":{"line":24,"column":38},"end":{"line":26,"column":3}},"locations":[{"start":{"line":24,"column":38},"end":{"line":26,"column":3}}]},"2":{"type":"branch","line":26,"loc":{"start":{"line":26,"column":2},"end":{"line":38,"column":2}},"locations":[{"start":{"line":26,"column":2},"end":{"line":38,"column":2}}]},"3":{"type":"branch","line":28,"loc":{"start":{"line":28,"column":24},"end":{"line":37,"column":5}},"locations":[{"start":{"line":28,"column":24},"end":{"line":37,"column":5}}]},"4":{"type":"branch","line":29,"loc":{"start":{"line":29,"column":36},"end":{"line":32,"column":5}},"locations":[{"start":{"line":29,"column":36},"end":{"line":32,"column":5}}]},"5":{"type":"branch","line":35,"loc":{"start":{"line":35,"column":30},"end":{"line":35,"column":49}},"locations":[{"start":{"line":35,"column":30},"end":{"line":35,"column":49}}]},"6":{"type":"branch","line":35,"loc":{"start":{"line":35,"column":33},"end":{"line":35,"column":63}},"locations":[{"start":{"line":35,"column":33},"end":{"line":35,"column":63}}]},"7":{"type":"branch","line":40,"loc":{"start":{"line":40,"column":56},"end":{"line":60,"column":2}},"locations":[{"start":{"line":40,"column":56},"end":{"line":60,"column":2}}]},"8":{"type":"branch","line":43,"loc":{"start":{"line":43,"column":34},"end":{"line":44,"column":51}},"locations":[{"start":{"line":43,"column":34},"end":{"line":44,"column":51}}]},"9":{"type":"branch","line":44,"loc":{"start":{"line":44,"column":51},"end":{"line":48,"column":17}},"locations":[{"start":{"line":44,"column":51},"end":{"line":48,"column":17}}]},"10":{"type":"branch","line":46,"loc":{"start":{"line":46,"column":29},"end":{"line":46,"column":48}},"locations":[{"start":{"line":46,"column":29},"end":{"line":46,"column":48}}]},"11":{"type":"branch","line":46,"loc":{"start":{"line":46,"column":32},"end":{"line":46,"column":62}},"locations":[{"start":{"line":46,"column":32},"end":{"line":46,"column":62}}]},"12":{"type":"branch","line":50,"loc":{"start":{"line":50,"column":4},"end":{"line":52,"column":3}},"locations":[{"start":{"line":50,"column":4},"end":{"line":52,"column":3}}]},"13":{"type":"branch","line":52,"loc":{"start":{"line":52,"column":2},"end":{"line":60,"column":2}},"locations":[{"start":{"line":52,"column":2},"end":{"line":60,"column":2}}]},"14":{"type":"branch","line":54,"loc":{"start":{"line":54,"column":24},"end":{"line":59,"column":5}},"locations":[{"start":{"line":54,"column":24},"end":{"line":59,"column":5}}]},"15":{"type":"branch","line":56,"loc":{"start":{"line":56,"column":30},"end":{"line":56,"column":49}},"locations":[{"start":{"line":56,"column":30},"end":{"line":56,"column":49}}]},"16":{"type":"branch","line":56,"loc":{"start":{"line":56,"column":33},"end":{"line":56,"column":63}},"locations":[{"start":{"line":56,"column":33},"end":{"line":56,"column":63}}]},"17":{"type":"branch","line":62,"loc":{"start":{"line":62,"column":58},"end":{"line":82,"column":2}},"locations":[{"start":{"line":62,"column":58},"end":{"line":82,"column":2}}]},"18":{"type":"branch","line":64,"loc":{"start":{"line":64,"column":-1},"end":{"line":64,"column":30}},"locations":[{"start":{"line":64,"column":-1},"end":{"line":64,"column":30}}]},"19":{"type":"branch","line":64,"loc":{"start":{"line":64,"column":7},"end":{"line":65,"column":31}},"locations":[{"start":{"line":64,"column":7},"end":{"line":65,"column":31}}]},"20":{"type":"branch","line":67,"loc":{"start":{"line":67,"column":34},"end":{"line":68,"column":22}},"locations":[{"start":{"line":67,"column":34},"end":{"line":68,"column":22}}]},"21":{"type":"branch","line":68,"loc":{"start":{"line":68,"column":22},"end":{"line":69,"column":53}},"locations":[{"start":{"line":68,"column":22},"end":{"line":69,"column":53}}]},"22":{"type":"branch","line":70,"loc":{"start":{"line":70,"column":4},"end":{"line":72,"column":3}},"locations":[{"start":{"line":70,"column":4},"end":{"line":72,"column":3}}]},"23":{"type":"branch","line":72,"loc":{"start":{"line":72,"column":2},"end":{"line":82,"column":2}},"locations":[{"start":{"line":72,"column":2},"end":{"line":82,"column":2}}]},"24":{"type":"branch","line":74,"loc":{"start":{"line":74,"column":24},"end":{"line":81,"column":5}},"locations":[{"start":{"line":74,"column":24},"end":{"line":81,"column":5}}]},"25":{"type":"branch","line":76,"loc":{"start":{"line":76,"column":6},"end":{"line":76,"column":41}},"locations":[{"start":{"line":76,"column":6},"end":{"line":76,"column":41}}]},"26":{"type":"branch","line":84,"loc":{"start":{"line":84,"column":52},"end":{"line":133,"column":2}},"locations":[{"start":{"line":84,"column":52},"end":{"line":133,"column":2}}]},"27":{"type":"branch","line":86,"loc":{"start":{"line":86,"column":-1},"end":{"line":86,"column":20}},"locations":[{"start":{"line":86,"column":-1},"end":{"line":86,"column":20}}]},"28":{"type":"branch","line":86,"loc":{"start":{"line":86,"column":6},"end":{"line":87,"column":21}},"locations":[{"start":{"line":86,"column":6},"end":{"line":87,"column":21}}]},"29":{"type":"branch","line":89,"loc":{"start":{"line":89,"column":-1},"end":{"line":89,"column":30}},"locations":[{"start":{"line":89,"column":-1},"end":{"line":89,"column":30}}]},"30":{"type":"branch","line":89,"loc":{"start":{"line":89,"column":7},"end":{"line":90,"column":31}},"locations":[{"start":{"line":89,"column":7},"end":{"line":90,"column":31}}]},"31":{"type":"branch","line":91,"loc":{"start":{"line":91,"column":45},"end":{"line":91,"column":61}},"locations":[{"start":{"line":91,"column":45},"end":{"line":91,"column":61}}]},"32":{"type":"branch","line":96,"loc":{"start":{"line":96,"column":34},"end":{"line":97,"column":25}},"locations":[{"start":{"line":96,"column":34},"end":{"line":97,"column":25}}]},"33":{"type":"branch","line":97,"loc":{"start":{"line":97,"column":17},"end":{"line":98,"column":78}},"locations":[{"start":{"line":97,"column":17},"end":{"line":98,"column":78}}]},"34":{"type":"branch","line":98,"loc":{"start":{"line":98,"column":23},"end":{"line":98,"column":78}},"locations":[{"start":{"line":98,"column":23},"end":{"line":98,"column":78}}]},"35":{"type":"branch","line":98,"loc":{"start":{"line":98,"column":73},"end":{"line":99,"column":72}},"locations":[{"start":{"line":98,"column":73},"end":{"line":99,"column":72}}]},"36":{"type":"branch","line":100,"loc":{"start":{"line":100,"column":4},"end":{"line":102,"column":3}},"locations":[{"start":{"line":100,"column":4},"end":{"line":102,"column":3}}]},"37":{"type":"branch","line":102,"loc":{"start":{"line":102,"column":2},"end":{"line":133,"column":2}},"locations":[{"start":{"line":102,"column":2},"end":{"line":133,"column":2}}]},"38":{"type":"branch","line":91,"loc":{"start":{"line":91,"column":61},"end":{"line":94,"column":5}},"locations":[{"start":{"line":91,"column":61},"end":{"line":94,"column":5}}]},"39":{"type":"branch","line":99,"loc":{"start":{"line":99,"column":29},"end":{"line":99,"column":72}},"locations":[{"start":{"line":99,"column":29},"end":{"line":99,"column":72}}]},"40":{"type":"branch","line":104,"loc":{"start":{"line":104,"column":24},"end":{"line":132,"column":5}},"locations":[{"start":{"line":104,"column":24},"end":{"line":132,"column":5}}]},"41":{"type":"branch","line":105,"loc":{"start":{"line":105,"column":34},"end":{"line":109,"column":5}},"locations":[{"start":{"line":105,"column":34},"end":{"line":109,"column":5}}]},"42":{"type":"branch","line":112,"loc":{"start":{"line":112,"column":47},"end":{"line":113,"column":33}},"locations":[{"start":{"line":112,"column":47},"end":{"line":113,"column":33}}]},"43":{"type":"branch","line":113,"loc":{"start":{"line":113,"column":29},"end":{"line":114,"column":52}},"locations":[{"start":{"line":113,"column":29},"end":{"line":114,"column":52}}]},"44":{"type":"branch","line":115,"loc":{"start":{"line":115,"column":6},"end":{"line":122,"column":5}},"locations":[{"start":{"line":115,"column":6},"end":{"line":122,"column":5}}]},"45":{"type":"branch","line":107,"loc":{"start":{"line":107,"column":8},"end":{"line":107,"column":52}},"locations":[{"start":{"line":107,"column":8},"end":{"line":107,"column":52}}]},"46":{"type":"branch","line":118,"loc":{"start":{"line":118,"column":51},"end":{"line":119,"column":62}},"locations":[{"start":{"line":118,"column":51},"end":{"line":119,"column":62}}]},"47":{"type":"branch","line":119,"loc":{"start":{"line":119,"column":29},"end":{"line":119,"column":42}},"locations":[{"start":{"line":119,"column":29},"end":{"line":119,"column":42}}]},"48":{"type":"branch","line":119,"loc":{"start":{"line":119,"column":35},"end":{"line":119,"column":62}},"locations":[{"start":{"line":119,"column":35},"end":{"line":119,"column":62}}]},"49":{"type":"branch","line":125,"loc":{"start":{"line":125,"column":6},"end":{"line":125,"column":69}},"locations":[{"start":{"line":125,"column":6},"end":{"line":125,"column":69}}]},"50":{"type":"branch","line":130,"loc":{"start":{"line":130,"column":6},"end":{"line":130,"column":49}},"locations":[{"start":{"line":130,"column":6},"end":{"line":130,"column":49}}]},"51":{"type":"branch","line":135,"loc":{"start":{"line":135,"column":54},"end":{"line":158,"column":2}},"locations":[{"start":{"line":135,"column":54},"end":{"line":158,"column":2}}]},"52":{"type":"branch","line":137,"loc":{"start":{"line":137,"column":-1},"end":{"line":137,"column":30}},"locations":[{"start":{"line":137,"column":-1},"end":{"line":137,"column":30}}]},"53":{"type":"branch","line":137,"loc":{"start":{"line":137,"column":7},"end":{"line":138,"column":31}},"locations":[{"start":{"line":137,"column":7},"end":{"line":138,"column":31}}]},"54":{"type":"branch","line":139,"loc":{"start":{"line":139,"column":36},"end":{"line":139,"column":74}},"locations":[{"start":{"line":139,"column":36},"end":{"line":139,"column":74}}]},"55":{"type":"branch","line":139,"loc":{"start":{"line":139,"column":74},"end":{"line":158,"column":2}},"locations":[{"start":{"line":139,"column":74},"end":{"line":158,"column":2}}]},"56":{"type":"branch","line":143,"loc":{"start":{"line":143,"column":24},"end":{"line":157,"column":5}},"locations":[{"start":{"line":143,"column":24},"end":{"line":157,"column":5}}]}},"b":{"0":[5],"1":[1],"2":[4],"3":[4],"4":[2],"5":[2],"6":[2],"7":[5],"8":[4],"9":[4],"10":[3],"11":[1],"12":[2],"13":[3],"14":[3],"15":[2],"16":[1],"17":[5],"18":[4],"19":[1],"20":[4],"21":[3],"22":[3],"23":[2],"24":[2],"25":[18],"26":[11],"27":[9],"28":[2],"29":[9],"30":[2],"31":[10],"32":[10],"33":[9],"34":[1],"35":[8],"36":[4],"37":[7],"38":[11],"39":[22],"40":[7],"41":[1],"42":[2],"43":[2],"44":[1],"45":[1],"46":[3],"47":[2],"48":[1],"49":[19],"50":[20],"51":[4],"52":[3],"53":[1],"54":[3],"55":[2],"56":[2]},"fnMap":{"0":{"name":"drawReducer","decl":{"start":{"line":23,"column":52},"end":{"line":38,"column":2}},"loc":{"start":{"line":23,"column":52},"end":{"line":38,"column":2}},"line":23},"1":{"name":"pickupReducer","decl":{"start":{"line":40,"column":56},"end":{"line":60,"column":2}},"loc":{"start":{"line":40,"column":56},"end":{"line":60,"column":2}},"line":40},"2":{"name":"discardReducer","decl":{"start":{"line":62,"column":58},"end":{"line":82,"column":2}},"loc":{"start":{"line":62,"column":58},"end":{"line":82,"column":2}},"line":62},"3":{"name":"meldReducer","decl":{"start":{"line":84,"column":52},"end":{"line":133,"column":2}},"loc":{"start":{"line":84,"column":52},"end":{"line":133,"column":2}},"line":84},"4":{"name":"goOutReducer","decl":{"start":{"line":135,"column":54},"end":{"line":158,"column":2}},"loc":{"start":{"line":135,"column":54},"end":{"line":158,"column":2}},"line":135}},"f":{"0":5,"1":5,"2":5,"3":11,"4":4}}
,"/home/mego/rummy/src/game/state.ts": {"path":"/home/mego/rummy/src/game/state.ts","all":false,"statementMap":{"0":{"start":{"line":1,"column":0},"end":{"line":1,"column":58}},"4":{"start":{"line":5,"column":0},"end":{"line":5,"column":29}},"9":{"start":{"line":10,"column":0},"end":{"line":10,"column":33}},"10":{"start":{"line":11,"column":0},"end":{"line":11,"column":19}},"11":{"start":{"line":12,"column":0},"end":{"line":12,"column":19}},"12":{"start":{"line":13,"column":0},"end":{"line":13,"column":2}},"28":{"start":{"line":29,"column":0},"end":{"line":29,"column":61}},"29":{"start":{"line":30,"column":0},"end":{"line":30,"column":16}},"30":{"start":{"line":31,"column":0},"end":{"line":31,"column":22}},"31":{"start":{"line":32,"column":0},"end":{"line":32,"column":39}},"35":{"start":{"line":36,"column":0},"end":{"line":36,"column":31}},"36":{"start":{"line":37,"column":0},"end":{"line":37,"column":24}},"38":{"start":{"line":39,"column":0},"end":{"line":39,"column":40}},"39":{"start":{"line":40,"column":0},"end":{"line":40,"column":40}},"40":{"start":{"line":41,"column":0},"end":{"line":41,"column":36}},"42":{"start":{"line":43,"column":0},"end":{"line":43,"column":10}},"43":{"start":{"line":44,"column":0},"end":{"line":44,"column":9}},"44":{"start":{"line":45,"column":0},"end":{"line":45,"column":16}},"45":{"start":{"line":46,"column":0},"end":{"line":46,"column":16}},"46":{"start":{"line":47,"column":0},"end":{"line":47,"column":14}},"47":{"start":{"line":48,"column":0},"end":{"line":48,"column":12}},"48":{"start":{"line":49,"column":0},"end":{"line":49,"column":23}},"49":{"start":{"line":50,"column":0},"end":{"line":50,"column":22}},"50":{"start":{"line":51,"column":0},"end":{"line":51,"column":26}},"51":{"start":{"line":52,"column":0},"end":{"line":52,"column":20}},"52":{"start":{"line":53,"column":0},"end":{"line":53,"column":20}},"53":{"start":{"line":54,"column":0},"end":{"line":54,"column":4}},"54":{"start":{"line":55,"column":0},"end":{"line":55,"column":2}},"56":{"start":{"line":57,"column":0},"end":{"line":57,"column":70}},"57":{"start":{"line":58,"column":0},"end":{"line":58,"column":16}},"58":{"start":{"line":59,"column":0},"end":{"line":59,"column":22}},"59":{"start":{"line":60,"column":0},"end":{"line":60,"column":39}},"63":{"start":{"line":64,"column":0},"end":{"line":64,"column":31}},"64":{"start":{"line":65,"column":0},"end":{"line":65,"column":24}},"66":{"start":{"line":67,"column":0},"end":{"line":67,"column":40}},"67":{"start":{"line":68,"column":0},"end":{"line":68,"column":40}},"68":{"start":{"line":69,"column":0},"end":{"line":69,"column":36}},"70":{"start":{"line":71,"column":0},"end":{"line":71,"column":39}},"71":{"start":{"line":72,"column":0},"end":{"line":72,"column":39}},"72":{"start":{"line":73,"column":0},"end":{"line":73,"column":39}},"73":{"start":{"line":74,"column":0},"end":{"line":74,"column":31}},"74":{"start":{"line":75,"column":0},"end":{"line":75,"column":25}},"75":{"start":{"line":76,"column":0},"end":{"line":76,"column":24}},"76":{"start":{"line":77,"column":0},"end":{"line":77,"column":51}},"77":{"start":{"line":78,"column":0},"end":{"line":78,"column":49}},"78":{"start":{"line":79,"column":0},"end":{"line":79,"column":36}},"79":{"start":{"line":80,"column":0},"end":{"line":80,"column":5}},"80":{"start":{"line":81,"column":0},"end":{"line":81,"column":2}}},"s":{"0":1,"4":1,"9":1,"10":1,"11":1,"12":1,"28":1,"29":13,"30":13,"31":13,"35":13,"36":13,"38":13,"39":13,"40":13,"42":13,"43":13,"44":13,"45":13,"46":13,"47":13,"48":13,"49":13,"50":13,"51":13,"52":13,"53":13,"54":13,"56":1,"57":4,"58":4,"59":4,"63":4,"64":4,"66":4,"67":4,"68":4,"70":4,"71":4,"72":4,"73":4,"74":4,"75":4,"76":4,"77":4,"78":4,"79":4,"80":4},"branchMap":{"0":{"type":"branch","line":29,"loc":{"start":{"line":29,"column":34},"end":{"line":55,"column":2}},"locations":[{"start":{"line":29,"column":34},"end":{"line":55,"column":2}}]},"1":{"type":"branch","line":32,"loc":{"start":{"line":32,"column":34},"end":{"line":34,"column":40}},"locations":[{"start":{"line":32,"column":34},"end":{"line":34,"column":40}}]},"2":{"type":"branch","line":57,"loc":{"start":{"line":57,"column":29},"end":{"line":81,"column":2}},"locations":[{"start":{"line":57,"column":29},"end":{"line":81,"column":2}}]},"3":{"type":"branch","line":60,"loc":{"start":{"line":60,"column":34},"end":{"line":62,"column":40}},"locations":[{"start":{"line":60,"column":34},"end":{"line":62,"column":40}}]},"4":{"type":"branch","line":71,"loc":{"start":{"line":71,"column":24},"end":{"line":80,"column":5}},"locations":[{"start":{"line":71,"column":24},"end":{"line":80,"column":5}}]}},"b":{"0":[13],"1":[0],"2":[4],"3":[0],"4":[4]},"fnMap":{"0":{"name":"createInitialState","decl":{"start":{"line":29,"column":34},"end":{"line":55,"column":2}},"loc":{"start":{"line":29,"column":34},"end":{"line":55,"column":2}},"line":29},"1":{"name":"newRoundState","decl":{"start":{"line":57,"column":29},"end":{"line":81,"column":2}},"loc":{"start":{"line":57,"column":29},"end":{"line":81,"column":2}},"line":57}},"f":{"0":13,"1":4}}
,"/home/mego/rummy/src/game/validation.ts": {"path":"/home/mego/rummy/src/game/validation.ts","all":false,"statementMap":{"0":{"start":{"line":1,"column":0},"end":{"line":1,"column":37}},"3":{"start":{"line":4,"column":0},"end":{"line":4,"column":41}},"4":{"start":{"line":5,"column":0},"end":{"line":5,"column":21}},"5":{"start":{"line":6,"column":0},"end":{"line":6,"column":48}},"6":{"start":{"line":7,"column":0},"end":{"line":7,"column":27}},"7":{"start":{"line":8,"column":0},"end":{"line":8,"column":10}},"8":{"start":{"line":9,"column":0},"end":{"line":9,"column":10}},"9":{"start":{"line":10,"column":0},"end":{"line":10,"column":9}},"10":{"start":{"line":11,"column":0},"end":{"line":11,"column":61}},"11":{"start":{"line":12,"column":0},"end":{"line":12,"column":29}},"12":{"start":{"line":13,"column":0},"end":{"line":13,"column":24}},"13":{"start":{"line":14,"column":0},"end":{"line":14,"column":12}},"14":{"start":{"line":15,"column":0},"end":{"line":15,"column":17}},"15":{"start":{"line":16,"column":0},"end":{"line":16,"column":74}},"16":{"start":{"line":17,"column":0},"end":{"line":17,"column":35}},"18":{"start":{"line":19,"column":0},"end":{"line":19,"column":16}},"21":{"start":{"line":22,"column":0},"end":{"line":22,"column":2}},"23":{"start":{"line":24,"column":0},"end":{"line":24,"column":44}},"24":{"start":{"line":25,"column":0},"end":{"line":25,"column":6}},"25":{"start":{"line":26,"column":0},"end":{"line":26,"column":78}},"26":{"start":{"line":27,"column":0},"end":{"line":27,"column":5}},"27":{"start":{"line":28,"column":0},"end":{"line":28,"column":17}},"28":{"start":{"line":29,"column":0},"end":{"line":29,"column":3}},"29":{"start":{"line":30,"column":0},"end":{"line":30,"column":61}},"30":{"start":{"line":31,"column":0},"end":{"line":31,"column":10}},"31":{"start":{"line":32,"column":0},"end":{"line":32,"column":46}},"32":{"start":{"line":33,"column":0},"end":{"line":33,"column":61}},"34":{"start":{"line":35,"column":0},"end":{"line":35,"column":2}},"36":{"start":{"line":37,"column":0},"end":{"line":37,"column":39}},"37":{"start":{"line":38,"column":0},"end":{"line":38,"column":73}},"39":{"start":{"line":40,"column":0},"end":{"line":40,"column":32}},"40":{"start":{"line":41,"column":0},"end":{"line":41,"column":15}},"41":{"start":{"line":42,"column":0},"end":{"line":42,"column":19}},"42":{"start":{"line":43,"column":0},"end":{"line":43,"column":22}},"44":{"start":{"line":45,"column":0},"end":{"line":45,"column":20}},"45":{"start":{"line":46,"column":0},"end":{"line":46,"column":13}},"46":{"start":{"line":47,"column":0},"end":{"line":47,"column":19}},"47":{"start":{"line":48,"column":0},"end":{"line":48,"column":16}},"48":{"start":{"line":49,"column":0},"end":{"line":49,"column":57}},"49":{"start":{"line":50,"column":0},"end":{"line":50,"column":11}},"50":{"start":{"line":51,"column":0},"end":{"line":51,"column":80}},"52":{"start":{"line":53,"column":0},"end":{"line":53,"column":28}},"53":{"start":{"line":54,"column":0},"end":{"line":54,"column":74}}},"s":{"0":1,"3":1,"4":28,"5":28,"6":28,"7":28,"8":28,"9":28,"10":28,"11":28,"12":28,"13":41,"14":41,"15":41,"16":41,"18":41,"21":28,"23":1,"24":70,"25":70,"26":70,"27":2,"28":2,"29":68,"30":68,"31":68,"32":62,"34":70,"36":1,"37":11,"39":1,"40":12,"41":12,"42":12,"44":12,"45":12,"46":4,"47":4,"48":4,"49":4,"50":2,"52":10,"53":43},"branchMap":{"0":{"type":"branch","line":4,"loc":{"start":{"line":4,"column":21},"end":{"line":22,"column":2}},"locations":[{"start":{"line":4,"column":21},"end":{"line":22,"column":2}}]},"1":{"type":"branch","line":6,"loc":{"start":{"line":6,"column":9},"end":{"line":6,"column":48}},"locations":[{"start":{"line":6,"column":9},"end":{"line":6,"column":48}}]},"2":{"type":"branch","line":7,"loc":{"start":{"line":7,"column":10},"end":{"line":7,"column":27}},"locations":[{"start":{"line":7,"column":10},"end":{"line":7,"column":27}}]},"3":{"type":"branch","line":11,"loc":{"start":{"line":11,"column":11},"end":{"line":11,"column":61}},"locations":[{"start":{"line":11,"column":11},"end":{"line":11,"column":61}}]},"4":{"type":"branch","line":11,"loc":{"start":{"line":11,"column":44},"end":{"line":11,"column":55}},"locations":[{"start":{"line":11,"column":44},"end":{"line":11,"column":55}}]},"5":{"type":"branch","line":11,"loc":{"start":{"line":11,"column":51},"end":{"line":11,"column":61}},"locations":[{"start":{"line":11,"column":51},"end":{"line":11,"column":61}}]},"6":{"type":"branch","line":12,"loc":{"start":{"line":12,"column":12},"end":{"line":12,"column":29}},"locations":[{"start":{"line":12,"column":12},"end":{"line":12,"column":29}}]},"7":{"type":"branch","line":13,"loc":{"start":{"line":13,"column":9},"end":{"line":19,"column":16}},"locations":[{"start":{"line":13,"column":9},"end":{"line":19,"column":16}}]},"8":{"type":"branch","line":17,"loc":{"start":{"line":17,"column":8},"end":{"line":17,"column":35}},"locations":[{"start":{"line":17,"column":8},"end":{"line":17,"column":35}}]},"9":{"type":"branch","line":24,"loc":{"start":{"line":24,"column":27},"end":{"line":35,"column":2}},"locations":[{"start":{"line":24,"column":27},"end":{"line":35,"column":2}}]},"10":{"type":"branch","line":27,"loc":{"start":{"line":27,"column":4},"end":{"line":29,"column":3}},"locations":[{"start":{"line":27,"column":4},"end":{"line":29,"column":3}}]},"11":{"type":"branch","line":29,"loc":{"start":{"line":29,"column":2},"end":{"line":32,"column":46}},"locations":[{"start":{"line":29,"column":2},"end":{"line":32,"column":46}}]},"12":{"type":"branch","line":32,"loc":{"start":{"line":32,"column":42},"end":{"line":33,"column":61}},"locations":[{"start":{"line":32,"column":42},"end":{"line":33,"column":61}}]},"13":{"type":"branch","line":33,"loc":{"start":{"line":33,"column":43},"end":{"line":33,"column":61}},"locations":[{"start":{"line":33,"column":43},"end":{"line":33,"column":61}}]},"14":{"type":"branch","line":26,"loc":{"start":{"line":26,"column":49},"end":{"line":26,"column":78}},"locations":[{"start":{"line":26,"column":49},"end":{"line":26,"column":78}}]},"15":{"type":"branch","line":37,"loc":{"start":{"line":37,"column":21},"end":{"line":38,"column":73}},"locations":[{"start":{"line":37,"column":21},"end":{"line":38,"column":73}}]},"16":{"type":"branch","line":38,"loc":{"start":{"line":38,"column":16},"end":{"line":38,"column":73}},"locations":[{"start":{"line":38,"column":16},"end":{"line":38,"column":73}}]},"17":{"type":"branch","line":38,"loc":{"start":{"line":38,"column":57},"end":{"line":38,"column":73}},"locations":[{"start":{"line":38,"column":57},"end":{"line":38,"column":73}}]},"18":{"type":"branch","line":40,"loc":{"start":{"line":40,"column":31},"end":{"line":54,"column":74}},"locations":[{"start":{"line":40,"column":31},"end":{"line":54,"column":74}}]},"19":{"type":"branch","line":51,"loc":{"start":{"line":51,"column":78},"end":{"line":54,"column":74}},"locations":[{"start":{"line":51,"column":78},"end":{"line":54,"column":74}}]},"20":{"type":"branch","line":46,"loc":{"start":{"line":46,"column":4},"end":{"line":51,"column":80}},"locations":[{"start":{"line":46,"column":4},"end":{"line":51,"column":80}}]},"21":{"type":"branch","line":50,"loc":{"start":{"line":50,"column":6},"end":{"line":51,"column":80}},"locations":[{"start":{"line":50,"column":6},"end":{"line":51,"column":80}}]},"22":{"type":"branch","line":53,"loc":{"start":{"line":53,"column":19},"end":{"line":54,"column":74}},"locations":[{"start":{"line":53,"column":19},"end":{"line":54,"column":74}}]}},"b":{"0":[28],"1":[90],"2":[80],"3":[90],"4":[6],"5":[84],"6":[74],"7":[41],"8":[236],"9":[70],"10":[2],"11":[68],"12":[62],"13":[26],"14":[74],"15":[11],"16":[30],"17":[53],"18":[12],"19":[10],"20":[4],"21":[2],"22":[43]},"fnMap":{"0":{"name":"isRun","decl":{"start":{"line":4,"column":21},"end":{"line":22,"column":2}},"loc":{"start":{"line":4,"column":21},"end":{"line":22,"column":2}},"line":4},"1":{"name":"isValidMeld","decl":{"start":{"line":24,"column":27},"end":{"line":35,"column":2}},"loc":{"start":{"line":24,"column":27},"end":{"line":35,"column":2}},"line":24},"2":{"name":"pairs","decl":{"start":{"line":37,"column":21},"end":{"line":38,"column":73}},"loc":{"start":{"line":37,"column":21},"end":{"line":38,"column":73}},"line":37},"3":{"name":"canMeldWithCard","decl":{"start":{"line":40,"column":31},"end":{"line":54,"column":74}},"loc":{"start":{"line":40,"column":31},"end":{"line":54,"column":74}},"line":40}},"f":{"0":28,"1":70,"2":11,"3":12}}
}
